# JRE version: OpenJDK Runtime Environment Temurin-21.0.5+11 (21.0.5+11) (build 21.0.5+11-LTS)
# Java VM: OpenJDK 64-Bit Server VM Temurin-21.0.5+11 (21.0.5+11-LTS, mixed mode, emulated-client, sharing, tiered, compressed oops, compressed class ptrs, g1 gc, windows-amd64)
GC Precious Log:
 CardTable entry size: 512
 Card Set container configuration: InlinePtr #cards 4 size 8 Array Of Cards #cards 16 size 48 Howl #buckets 8 coarsen threshold 3686 Howl Bitmap #cards 512 size 80 coarsen threshold 460 Card regions per heap region 1 cards per card region 4096
 CPUs: 20 total, 20 available
 Memory: 16053M
 Large Page Support: Disabled
 NUMA Support: Disabled
 Compressed Oops: Enabled (Zero based)
 Heap Region Size: 2M
 Heap Min Capacity: 8M
 Heap Initial Capacity: 252M
 Heap Max Capacity: 4014M
 Pre-touch: Disabled
 Parallel Workers: 15
 Concurrent Workers: 4
 Concurrent Refinement Workers: 15
 Periodic GC: Disabled
Heap:
 garbage-first heap   total 514048K, used 455507K [0x0000000705200000, 0x0000000800000000)
  region size 2048K, 136 young (278528K), 11 survivors (22528K)
 Metaspace       used 145442K, committed 146560K, reserved 1179648K
  class space    used 15958K, committed 16448K, reserved 1048576K
GC Heap History (20 events):
Event: 10072.407 GC heap after
{Heap after GC invocations=347 (full 5):
 garbage-first heap   total 428032K, used 149541K [0x0000000705200000, 0x0000000800000000)
  region size 2048K, 0 young (0K), 0 survivors (0K)
 Metaspace       used 135071K, committed 136320K, reserved 1179648K
  class space    used 15185K, committed 15744K, reserved 1048576K
}
Event: 10074.159 GC heap before
{Heap before GC invocations=347 (full 5):
 garbage-first heap   total 428032K, used 319525K [0x0000000705200000, 0x0000000800000000)
  region size 2048K, 85 young (174080K), 0 survivors (0K)
 Metaspace       used 138482K, committed 139520K, reserved 1179648K
  class space    used 15469K, committed 15936K, reserved 1048576K
}
Event: 10074.166 GC heap after
{Heap after GC invocations=348 (full 5):
 garbage-first heap   total 428032K, used 159173K [0x0000000705200000, 0x0000000800000000)
  region size 2048K, 5 young (10240K), 5 survivors (10240K)
 Metaspace       used 138482K, committed 139520K, reserved 1179648K
  class space    used 15469K, committed 15936K, reserved 1048576K
}
Event: 10075.035 GC heap before
{Heap before GC invocations=349 (full 5):
 garbage-first heap   total 428032K, used 216517K [0x0000000705200000, 0x0000000800000000)
  region size 2048K, 34 young (69632K), 5 survivors (10240K)
 Metaspace       used 138580K, committed 139584K, reserved 1179648K
  class space    used 15483K, committed 15936K, reserved 1048576K
}
Event: 10075.045 GC heap after
{Heap after GC invocations=350 (full 5):
 garbage-first heap   total 428032K, used 164240K [0x0000000705200000, 0x0000000800000000)
  region size 2048K, 8 young (16384K), 8 survivors (16384K)
 Metaspace       used 138580K, committed 139584K, reserved 1179648K
  class space    used 15483K, committed 15936K, reserved 1048576K
}
Event: 10076.553 GC heap before
{Heap before GC invocations=351 (full 5):
 garbage-first heap   total 428032K, used 358800K [0x0000000705200000, 0x0000000800000000)
  region size 2048K, 103 young (210944K), 8 survivors (16384K)
 Metaspace       used 139770K, committed 140800K, reserved 1179648K
  class space    used 15595K, committed 16064K, reserved 1048576K
}
Event: 10076.563 GC heap after
{Heap after GC invocations=352 (full 5):
 garbage-first heap   total 428032K, used 168365K [0x0000000705200000, 0x0000000800000000)
  region size 2048K, 5 young (10240K), 5 survivors (10240K)
 Metaspace       used 139770K, committed 140800K, reserved 1179648K
  class space    used 15595K, committed 16064K, reserved 1048576K
}
Event: 10076.597 GC heap before
{Heap before GC invocations=352 (full 5):
 garbage-first heap   total 428032K, used 170413K [0x0000000705200000, 0x0000000800000000)
  region size 2048K, 7 young (14336K), 5 survivors (10240K)
 Metaspace       used 139812K, committed 140800K, reserved 1179648K
  class space    used 15598K, committed 16064K, reserved 1048576K
}
Event: 10076.603 GC heap after
{Heap after GC invocations=353 (full 5):
 garbage-first heap   total 428032K, used 168867K [0x0000000705200000, 0x0000000800000000)
  region size 2048K, 5 young (10240K), 5 survivors (10240K)
 Metaspace       used 139812K, committed 140800K, reserved 1179648K
  class space    used 15598K, committed 16064K, reserved 1048576K
}
Event: 10078.007 GC heap before
{Heap before GC invocations=354 (full 5):
 garbage-first heap   total 428032K, used 285603K [0x0000000705200000, 0x0000000800000000)
  region size 2048K, 63 young (129024K), 5 survivors (10240K)
 Metaspace       used 140379K, committed 141440K, reserved 1179648K
  class space    used 15634K, committed 16128K, reserved 1048576K
}
Event: 10078.016 GC heap after
{Heap after GC invocations=355 (full 5):
 garbage-first heap   total 428032K, used 173521K [0x0000000705200000, 0x0000000800000000)
  region size 2048K, 8 young (16384K), 8 survivors (16384K)
 Metaspace       used 140379K, committed 141440K, reserved 1179648K
  class space    used 15634K, committed 16128K, reserved 1048576K
}
Event: 10079.206 GC heap before
{Heap before GC invocations=356 (full 5):
 garbage-first heap   total 428032K, used 374225K [0x0000000705200000, 0x0000000800000000)
  region size 2048K, 106 young (217088K), 8 survivors (16384K)
 Metaspace       used 141662K, committed 142720K, reserved 1179648K
  class space    used 15707K, committed 16192K, reserved 1048576K
}
Event: 10079.218 GC heap after
{Heap after GC invocations=357 (full 5):
 garbage-first heap   total 428032K, used 179858K [0x0000000705200000, 0x0000000800000000)
  region size 2048K, 11 young (22528K), 11 survivors (22528K)
 Metaspace       used 141662K, committed 142720K, reserved 1179648K
  class space    used 15707K, committed 16192K, reserved 1048576K
}
Event: 10080.087 GC heap before
{Heap before GC invocations=357 (full 5):
 garbage-first heap   total 428032K, used 368274K [0x0000000705200000, 0x0000000800000000)
  region size 2048K, 103 young (210944K), 11 survivors (22528K)
 Metaspace       used 142889K, committed 143936K, reserved 1179648K
  class space    used 15780K, committed 16256K, reserved 1048576K
}
Event: 10080.103 GC heap after
{Heap after GC invocations=358 (full 5):
 garbage-first heap   total 514048K, used 185726K [0x0000000705200000, 0x0000000800000000)
  region size 2048K, 10 young (20480K), 10 survivors (20480K)
 Metaspace       used 142889K, committed 143936K, reserved 1179648K
  class space    used 15780K, committed 16256K, reserved 1048576K
}
Event: 10081.858 GC heap before
{Heap before GC invocations=358 (full 5):
 garbage-first heap   total 514048K, used 454014K [0x0000000705200000, 0x0000000800000000)
  region size 2048K, 141 young (288768K), 10 survivors (20480K)
 Metaspace       used 144872K, committed 145920K, reserved 1179648K
  class space    used 15897K, committed 16384K, reserved 1048576K
}
Event: 10081.874 GC heap after
{Heap after GC invocations=359 (full 5):
 garbage-first heap   total 514048K, used 196394K [0x0000000705200000, 0x0000000800000000)
  region size 2048K, 15 young (30720K), 15 survivors (30720K)
 Metaspace       used 144872K, committed 145920K, reserved 1179648K
  class space    used 15897K, committed 16384K, reserved 1048576K
}
Event: 10082.740 GC heap before
{Heap before GC invocations=360 (full 5):
 garbage-first heap   total 514048K, used 278314K [0x0000000705200000, 0x0000000800000000)
  region size 2048K, 56 young (114688K), 15 survivors (30720K)
 Metaspace       used 145039K, committed 146048K, reserved 1179648K
  class space    used 15914K, committed 16384K, reserved 1048576K
}
Event: 10082.757 GC heap after
{Heap after GC invocations=361 (full 5):
 garbage-first heap   total 514048K, used 199507K [0x0000000705200000, 0x0000000800000000)
  region size 2048K, 10 young (20480K), 10 survivors (20480K)
 Metaspace       used 145039K, committed 146048K, reserved 1179648K
  class space    used 15914K, committed 16384K, reserved 1048576K
}
Event: 10112.407 GC heap before
{Heap before GC invocations=362 (full 5):
 garbage-first heap   total 514048K, used 455507K [0x0000000705200000, 0x0000000800000000)
  region size 2048K, 135 young (276480K), 10 survivors (20480K)
 Metaspace       used 145442K, committed 146560K, reserved 1179648K
  class space    used 15958K, committed 16448K, reserved 1048576K
}

