# JRE version: OpenJDK Runtime Environment Temurin-21.0.5+11 (21.0.5+11) (build 21.0.5+11-LTS)
# Java VM: OpenJDK 64-Bit Server VM Temurin-21.0.5+11 (21.0.5+11-LTS, mixed mode, emulated-client, sharing, tiered, compressed oops, compressed class ptrs, g1 gc, windows-amd64)
GC Precious Log:
 CardTable entry size: 512
 Card Set container configuration: InlinePtr #cards 4 size 8 Array Of Cards #cards 16 size 48 Howl #buckets 8 coarsen threshold 3686 Howl Bitmap #cards 512 size 80 coarsen threshold 460 Card regions per heap region 1 cards per card region 4096
 CPUs: 20 total, 20 available
 Memory: 16053M
 Large Page Support: Disabled
 NUMA Support: Disabled
 Compressed Oops: Enabled (Zero based)
 Heap Region Size: 2M
 Heap Min Capacity: 8M
 Heap Initial Capacity: 252M
 Heap Max Capacity: 4014M
 Pre-touch: Disabled
 Parallel Workers: 15
 Concurrent Workers: 4
 Concurrent Refinement Workers: 15
 Periodic GC: Disabled
Heap:
 garbage-first heap   total 325632K, used 221107K [0x0000000705200000, 0x0000000800000000)
  region size 2048K, 58 young (118784K), 5 survivors (10240K)
 Metaspace       used 145721K, committed 146688K, reserved 1179648K
  class space    used 15558K, committed 16000K, reserved 1048576K
GC Heap History (20 events):
Event: 1543.451 GC heap before
{Heap before GC invocations=172 (full 6):
 garbage-first heap   total 225280K, used 165377K [0x0000000705200000, 0x0000000800000000)
  region size 2048K, 53 young (108544K), 5 survivors (10240K)
 Metaspace       used 136936K, committed 137856K, reserved 1179648K
  class space    used 14785K, committed 15168K, reserved 1048576K
}
Event: 1543.455 GC heap after
{Heap after GC invocations=173 (full 6):
 garbage-first heap   total 225280K, used 75457K [0x0000000705200000, 0x0000000800000000)
  region size 2048K, 8 young (16384K), 8 survivors (16384K)
 Metaspace       used 136936K, committed 137856K, reserved 1179648K
  class space    used 14785K, committed 15168K, reserved 1048576K
}
Event: 1543.786 GC heap before
{Heap before GC invocations=174 (full 6):
 garbage-first heap   total 225280K, used 188097K [0x0000000705200000, 0x0000000800000000)
  region size 2048K, 63 young (129024K), 8 survivors (16384K)
 Metaspace       used 137520K, committed 138432K, reserved 1179648K
  class space    used 14841K, committed 15232K, reserved 1048576K
}
Event: 1543.790 GC heap after
{Heap after GC invocations=175 (full 6):
 garbage-first heap   total 225280K, used 78964K [0x0000000705200000, 0x0000000800000000)
  region size 2048K, 6 young (12288K), 6 survivors (12288K)
 Metaspace       used 137520K, committed 138432K, reserved 1179648K
  class space    used 14841K, committed 15232K, reserved 1048576K
}
Event: 1543.968 GC heap before
{Heap before GC invocations=175 (full 6):
 garbage-first heap   total 225280K, used 167028K [0x0000000705200000, 0x0000000800000000)
  region size 2048K, 50 young (102400K), 6 survivors (12288K)
 Metaspace       used 138197K, committed 139072K, reserved 1179648K
  class space    used 14903K, committed 15296K, reserved 1048576K
}
Event: 1543.971 GC heap after
{Heap after GC invocations=176 (full 6):
 garbage-first heap   total 270336K, used 79765K [0x0000000705200000, 0x0000000800000000)
  region size 2048K, 3 young (6144K), 3 survivors (6144K)
 Metaspace       used 138197K, committed 139072K, reserved 1179648K
  class space    used 14903K, committed 15296K, reserved 1048576K
}
Event: 1544.588 GC heap before
{Heap before GC invocations=177 (full 6):
 garbage-first heap   total 270336K, used 214933K [0x0000000705200000, 0x0000000800000000)
  region size 2048K, 70 young (143360K), 3 survivors (6144K)
 Metaspace       used 138835K, committed 139776K, reserved 1179648K
  class space    used 14944K, committed 15360K, reserved 1048576K
}
Event: 1544.591 GC heap after
{Heap after GC invocations=178 (full 6):
 garbage-first heap   total 270336K, used 86525K [0x0000000705200000, 0x0000000800000000)
  region size 2048K, 6 young (12288K), 6 survivors (12288K)
 Metaspace       used 138835K, committed 139776K, reserved 1179648K
  class space    used 14944K, committed 15360K, reserved 1048576K
}
Event: 1544.933 GC heap before
{Heap before GC invocations=179 (full 6):
 garbage-first heap   total 270336K, used 231933K [0x0000000705200000, 0x0000000800000000)
  region size 2048K, 77 young (157696K), 6 survivors (12288K)
 Metaspace       used 139839K, committed 140800K, reserved 1179648K
  class space    used 14999K, committed 15424K, reserved 1048576K
}
Event: 1544.937 GC heap after
{Heap after GC invocations=180 (full 6):
 garbage-first heap   total 270336K, used 91669K [0x0000000705200000, 0x0000000800000000)
  region size 2048K, 7 young (14336K), 7 survivors (14336K)
 Metaspace       used 139839K, committed 140800K, reserved 1179648K
  class space    used 14999K, committed 15424K, reserved 1048576K
}
Event: 1545.223 GC heap before
{Heap before GC invocations=180 (full 6):
 garbage-first heap   total 270336K, used 230933K [0x0000000705200000, 0x0000000800000000)
  region size 2048K, 75 young (153600K), 7 survivors (14336K)
 Metaspace       used 140676K, committed 141568K, reserved 1179648K
  class space    used 15048K, committed 15424K, reserved 1048576K
}
Event: 1545.227 GC heap after
{Heap after GC invocations=181 (full 6):
 garbage-first heap   total 270336K, used 95764K [0x0000000705200000, 0x0000000800000000)
  region size 2048K, 5 young (10240K), 5 survivors (10240K)
 Metaspace       used 140676K, committed 141568K, reserved 1179648K
  class space    used 15048K, committed 15424K, reserved 1048576K
}
Event: 1545.503 GC heap before
{Heap before GC invocations=181 (full 6):
 garbage-first heap   total 270336K, used 237076K [0x0000000705200000, 0x0000000800000000)
  region size 2048K, 74 young (151552K), 5 survivors (10240K)
 Metaspace       used 141540K, committed 142464K, reserved 1179648K
  class space    used 15101K, committed 15488K, reserved 1048576K
}
Event: 1545.507 GC heap after
{Heap after GC invocations=182 (full 6):
 garbage-first heap   total 325632K, used 100424K [0x0000000705200000, 0x0000000800000000)
  region size 2048K, 7 young (14336K), 7 survivors (14336K)
 Metaspace       used 141540K, committed 142464K, reserved 1179648K
  class space    used 15101K, committed 15488K, reserved 1048576K
}
Event: 1545.990 GC heap before
{Heap before GC invocations=183 (full 6):
 garbage-first heap   total 325632K, used 280648K [0x0000000705200000, 0x0000000800000000)
  region size 2048K, 95 young (194560K), 7 survivors (14336K)
 Metaspace       used 143097K, committed 144064K, reserved 1179648K
  class space    used 15187K, committed 15616K, reserved 1048576K
}
Event: 1545.995 GC heap after
{Heap after GC invocations=184 (full 6):
 garbage-first heap   total 325632K, used 107380K [0x0000000705200000, 0x0000000800000000)
  region size 2048K, 8 young (16384K), 8 survivors (16384K)
 Metaspace       used 143097K, committed 144064K, reserved 1179648K
  class space    used 15187K, committed 15616K, reserved 1048576K
}
Event: 1554.390 GC heap before
{Heap before GC invocations=184 (full 6):
 garbage-first heap   total 325632K, used 285556K [0x0000000705200000, 0x0000000800000000)
  region size 2048K, 95 young (194560K), 8 survivors (16384K)
 Metaspace       used 145619K, committed 146624K, reserved 1179648K
  class space    used 15547K, committed 16000K, reserved 1048576K
}
Event: 1554.403 GC heap after
{Heap after GC invocations=185 (full 6):
 garbage-first heap   total 325632K, used 113780K [0x0000000705200000, 0x0000000800000000)
  region size 2048K, 9 young (18432K), 9 survivors (18432K)
 Metaspace       used 145619K, committed 146624K, reserved 1179648K
  class space    used 15547K, committed 16000K, reserved 1048576K
}
Event: 1597.903 GC heap before
{Heap before GC invocations=185 (full 6):
 garbage-first heap   total 325632K, used 285812K [0x0000000705200000, 0x0000000800000000)
  region size 2048K, 93 young (190464K), 9 survivors (18432K)
 Metaspace       used 145709K, committed 146688K, reserved 1179648K
  class space    used 15561K, committed 16000K, reserved 1048576K
}
Event: 1597.908 GC heap after
{Heap after GC invocations=186 (full 6):
 garbage-first heap   total 325632K, used 114611K [0x0000000705200000, 0x0000000800000000)
  region size 2048K, 5 young (10240K), 5 survivors (10240K)
 Metaspace       used 145709K, committed 146688K, reserved 1179648K
  class space    used 15561K, committed 16000K, reserved 1048576K
}

