# JRE version: OpenJDK Runtime Environment Temurin-21.0.5+11 (21.0.5+11) (build 21.0.5+11-LTS)
# Java VM: OpenJDK 64-Bit Server VM Temurin-21.0.5+11 (21.0.5+11-LTS, mixed mode, emulated-client, sharing, tiered, compressed oops, compressed class ptrs, g1 gc, windows-amd64)
GC Precious Log:
 CardTable entry size: 512
 Card Set container configuration: InlinePtr #cards 4 size 8 Array Of Cards #cards 16 size 48 Howl #buckets 8 coarsen threshold 3686 Howl Bitmap #cards 512 size 80 coarsen threshold 460 Card regions per heap region 1 cards per card region 4096
 CPUs: 20 total, 20 available
 Memory: 16053M
 Large Page Support: Disabled
 NUMA Support: Disabled
 Compressed Oops: Enabled (Zero based)
 Heap Region Size: 2M
 Heap Min Capacity: 8M
 Heap Initial Capacity: 252M
 Heap Max Capacity: 4014M
 Pre-touch: Disabled
 Parallel Workers: 15
 Concurrent Workers: 4
 Concurrent Refinement Workers: 15
 Periodic GC: Disabled
Heap:
 garbage-first heap   total 397312K, used 184973K [0x0000000705200000, 0x0000000800000000)
  region size 2048K, 24 young (49152K), 1 survivors (2048K)
 Metaspace       used 333012K, committed 335296K, reserved 1376256K
  class space    used 29174K, committed 30144K, reserved 1048576K
GC Heap History (20 events):
Event: 17271.210 GC heap before
{Heap before GC invocations=756 (full 27):
 garbage-first heap   total 397312K, used 359629K [0x0000000705200000, 0x0000000800000000)
  region size 2048K, 106 young (217088K), 5 survivors (10240K)
 Metaspace       used 332218K, committed 334528K, reserved 1376256K
  class space    used 29164K, committed 30144K, reserved 1048576K
}
Event: 17271.216 GC heap after
{Heap after GC invocations=757 (full 27):
 garbage-first heap   total 397312K, used 147823K [0x0000000705200000, 0x0000000800000000)
  region size 2048K, 5 young (10240K), 5 survivors (10240K)
 Metaspace       used 332218K, committed 334528K, reserved 1376256K
  class space    used 29164K, committed 30144K, reserved 1048576K
}
Event: 17355.709 GC heap before
{Heap before GC invocations=757 (full 27):
 garbage-first heap   total 397312K, used 360815K [0x0000000705200000, 0x0000000800000000)
  region size 2048K, 109 young (223232K), 5 survivors (10240K)
 Metaspace       used 332218K, committed 334528K, reserved 1376256K
  class space    used 29164K, committed 30144K, reserved 1048576K
}
Event: 17355.715 GC heap after
{Heap after GC invocations=758 (full 27):
 garbage-first heap   total 397312K, used 148187K [0x0000000705200000, 0x0000000800000000)
  region size 2048K, 6 young (12288K), 6 survivors (12288K)
 Metaspace       used 332218K, committed 334528K, reserved 1376256K
  class space    used 29164K, committed 30144K, reserved 1048576K
}
Event: 17438.243 GC heap before
{Heap before GC invocations=759 (full 27):
 garbage-first heap   total 397312K, used 357083K [0x0000000705200000, 0x0000000800000000)
  region size 2048K, 108 young (221184K), 6 survivors (12288K)
 Metaspace       used 332218K, committed 334528K, reserved 1376256K
  class space    used 29164K, committed 30144K, reserved 1048576K
}
Event: 17438.246 GC heap after
{Heap after GC invocations=760 (full 27):
 garbage-first heap   total 397312K, used 147618K [0x0000000705200000, 0x0000000800000000)
  region size 2048K, 5 young (10240K), 5 survivors (10240K)
 Metaspace       used 332218K, committed 334528K, reserved 1376256K
  class space    used 29164K, committed 30144K, reserved 1048576K
}
Event: 17528.300 GC heap before
{Heap before GC invocations=760 (full 27):
 garbage-first heap   total 397312K, used 360610K [0x0000000705200000, 0x0000000800000000)
  region size 2048K, 109 young (223232K), 5 survivors (10240K)
 Metaspace       used 332218K, committed 334528K, reserved 1376256K
  class space    used 29164K, committed 30144K, reserved 1048576K
}
Event: 17528.307 GC heap after
{Heap after GC invocations=761 (full 27):
 garbage-first heap   total 397312K, used 144166K [0x0000000705200000, 0x0000000800000000)
  region size 2048K, 5 young (10240K), 5 survivors (10240K)
 Metaspace       used 332218K, committed 334528K, reserved 1376256K
  class space    used 29164K, committed 30144K, reserved 1048576K
}
Event: 17613.972 GC heap before
{Heap before GC invocations=761 (full 27):
 garbage-first heap   total 397312K, used 361254K [0x0000000705200000, 0x0000000800000000)
  region size 2048K, 111 young (227328K), 5 survivors (10240K)
 Metaspace       used 332218K, committed 334528K, reserved 1376256K
  class space    used 29164K, committed 30144K, reserved 1048576K
}
Event: 17613.976 GC heap after
{Heap after GC invocations=762 (full 27):
 garbage-first heap   total 397312K, used 143859K [0x0000000705200000, 0x0000000800000000)
  region size 2048K, 5 young (10240K), 5 survivors (10240K)
 Metaspace       used 332218K, committed 334528K, reserved 1376256K
  class space    used 29164K, committed 30144K, reserved 1048576K
}
Event: 17700.486 GC heap before
{Heap before GC invocations=763 (full 27):
 garbage-first heap   total 397312K, used 360947K [0x0000000705200000, 0x0000000800000000)
  region size 2048K, 111 young (227328K), 5 survivors (10240K)
 Metaspace       used 332218K, committed 334528K, reserved 1376256K
  class space    used 29164K, committed 30144K, reserved 1048576K
}
Event: 17700.489 GC heap after
{Heap after GC invocations=764 (full 27):
 garbage-first heap   total 397312K, used 143882K [0x0000000705200000, 0x0000000800000000)
  region size 2048K, 5 young (10240K), 5 survivors (10240K)
 Metaspace       used 332218K, committed 334528K, reserved 1376256K
  class space    used 29164K, committed 30144K, reserved 1048576K
}
Event: 17786.159 GC heap before
{Heap before GC invocations=764 (full 27):
 garbage-first heap   total 397312K, used 360970K [0x0000000705200000, 0x0000000800000000)
  region size 2048K, 111 young (227328K), 5 survivors (10240K)
 Metaspace       used 332218K, committed 334528K, reserved 1376256K
  class space    used 29164K, committed 30144K, reserved 1048576K
}
Event: 17786.164 GC heap after
{Heap after GC invocations=765 (full 27):
 garbage-first heap   total 397312K, used 140555K [0x0000000705200000, 0x0000000800000000)
  region size 2048K, 6 young (12288K), 6 survivors (12288K)
 Metaspace       used 332218K, committed 334528K, reserved 1376256K
  class space    used 29164K, committed 30144K, reserved 1048576K
}
Event: 17871.571 GC heap before
{Heap before GC invocations=765 (full 27):
 garbage-first heap   total 397312K, used 357643K [0x0000000705200000, 0x0000000800000000)
  region size 2048K, 112 young (229376K), 6 survivors (12288K)
 Metaspace       used 332218K, committed 334528K, reserved 1376256K
  class space    used 29164K, committed 30144K, reserved 1048576K
}
Event: 17871.575 GC heap after
{Heap after GC invocations=766 (full 27):
 garbage-first heap   total 397312K, used 140801K [0x0000000705200000, 0x0000000800000000)
  region size 2048K, 2 young (4096K), 2 survivors (4096K)
 Metaspace       used 332218K, committed 334528K, reserved 1376256K
  class space    used 29164K, committed 30144K, reserved 1048576K
}
Event: 17961.239 GC heap before
{Heap before GC invocations=767 (full 27):
 garbage-first heap   total 397312K, used 368129K [0x0000000705200000, 0x0000000800000000)
  region size 2048K, 113 young (231424K), 2 survivors (4096K)
 Metaspace       used 332218K, committed 334528K, reserved 1376256K
  class space    used 29164K, committed 30144K, reserved 1048576K
}
Event: 17961.241 GC heap after
{Heap after GC invocations=768 (full 27):
 garbage-first heap   total 397312K, used 140893K [0x0000000705200000, 0x0000000800000000)
  region size 2048K, 2 young (4096K), 2 survivors (4096K)
 Metaspace       used 332218K, committed 334528K, reserved 1376256K
  class space    used 29164K, committed 30144K, reserved 1048576K
}
Event: 18050.031 GC heap before
{Heap before GC invocations=768 (full 27):
 garbage-first heap   total 397312K, used 366173K [0x0000000705200000, 0x0000000800000000)
  region size 2048K, 112 young (229376K), 2 survivors (4096K)
 Metaspace       used 332218K, committed 334528K, reserved 1376256K
  class space    used 29164K, committed 30144K, reserved 1048576K
}
Event: 18050.034 GC heap after
{Heap after GC invocations=769 (full 27):
 garbage-first heap   total 397312K, used 139917K [0x0000000705200000, 0x0000000800000000)
  region size 2048K, 1 young (2048K), 1 survivors (2048K)
 Metaspace       used 332218K, committed 334528K, reserved 1376256K
  class space    used 29164K, committed 30144K, reserved 1048576K
}

